Performing C++ SOURCE FILE Test CMAKE_HAVE_LIBC_PTHREAD failed with the following output:
Change Dir: /home/alan/Code/QtSimple/intro/build-listdisplay/CMakeFiles/CMakeTmp

Run Build Command(s):/home/alan/Qt/Tools/Ninja/ninja cmTC_c2bbc && [1/2] Building CXX object CMakeFiles/cmTC_c2bbc.dir/src.cxx.o
[2/2] Linking CXX executable cmTC_c2bbc
FAILED: cmTC_c2bbc 
: && /usr/bin/g++  -DCMAKE_HAVE_LIBC_PTHREAD   CMakeFiles/cmTC_c2bbc.dir/src.cxx.o  -o cmTC_c2bbc   && :
/usr/bin/ld: CMakeFiles/cmTC_c2bbc.dir/src.cxx.o: in function `main':
src.cxx:(.text+0x46): undefined reference to `pthread_create'
/usr/bin/ld: src.cxx:(.text+0x52): undefined reference to `pthread_detach'
/usr/bin/ld: src.cxx:(.text+0x63): undefined reference to `pthread_join'
collect2: error: ld returned 1 exit status
ninja: build stopped: subcommand failed.


Source file was:
#include <pthread.h>

void* test_func(void* data)
{
  return data;
}

int main(void)
{
  pthread_t thread;
  pthread_create(&thread, NULL, test_func, NULL);
  pthread_detach(thread);
  pthread_join(thread, NULL);
  pthread_atfork(NULL, NULL, NULL);
  pthread_exit(NULL);

  return 0;
}

